<?xml version="1.0" encoding="UTF-8"?>
<testsuite xmlns:xsi="http://www.w3.org/2001/XMLSchema-instance" xsi:noNamespaceSchemaLocation="https://maven.apache.org/surefire/maven-surefire-plugin/xsd/surefire-test-report.xsd" name="com.company.CustomerTest" time="0.016" tests="6" errors="0" skipped="0" failures="0">
  <properties>
[...]
</properties>
  <testcase name="putInBasketWhenNotEnoughMoney" classname="com.company.CustomerTest" time="0"/>
  <testcase name="constructorTest" classname="com.company.CustomerTest" time="0"/>
  <testcase name="childPutInBasketProductAdultsOnly" classname="com.company.CustomerTest" time="0"/>
  <testcase name="putInBasketMoreThanThereIs" classname="com.company.CustomerTest" time="0"/>
  <testcase name="retiredPutInBasket" classname="com.company.CustomerTest" time="0.016"/>
  <testcase name="putInBasketTest" classname="com.company.CustomerTest" time="0"/>
</testsuite>